<?xml version="1.0" encoding="UTF-8"?>
<!-- Generated by org.testng.reporters.JUnitXMLReporter -->
<testsuite ignored="0" hostname="LTIN718637" failures="0" tests="25" name="End to End Flow" time="160.94" errors="0" timestamp="2026-05-07T15:02:45 IST">
  <testcase classname="testcases.TestHealthInsurance" name="testWithoutSelectingAnyMember" time="2.106"/>
  <testcase classname="testcases.TestHealthInsurance" name="testCoupleChildrenAgeGapLess18" time="4.394"/>
  <testcase classname="testcases.TestHealthInsurance" name="testWithoutPinCode" time="1.827"/>
  <testcase classname="testcases.TestHealthInsurance" name="testEditMemberDetailsButton" time="1.77"/>
  <testcase classname="testcases.TestHealthInsurance" name="testHealthInsurance" time="17.853"/>
  <testcase classname="testcases.TestComplaintFlow" name="validateContactUsPage" time="1.71"/>
  <testcase classname="testcases.TestComplaintFlow" name="invalidPhoneNumberTest" time="2.6"/>
  <testcase classname="testcases.TestComplaintFlow" name="missingPolicyIdTest" time="1.955"/>
  <testcase classname="testcases.TestComplaintFlow" name="successfulSubmissionTest" time="1.788"/>
  <testcase classname="testcases.TestComplaintFlow" name="invalidEmailTest" time="1.949"/>
  <testcase classname="testcases.TestCarInsurance" name="testNavigateToCarInsurance" time="1.323"/>
  <testcase classname="testcases.TestCarInsurance" name="testEnterPincodeAndProceed" time="0.783"/>
  <testcase classname="testcases.TestCarInsurance" name="testSelectCarDetails" time="1.923"/>
  <testcase classname="testcases.TestCarInsurance" name="testReviewAndProceed" time="1.286"/>
  <testcase classname="testcases.TestCarInsurance" name="testVerifyPlansAndDetails" time="4.06"/>
  <testcase classname="testcases.TestBikeInsurance" name="testNavigationToBikeSection" time="0.9"/>
  <testcase classname="testcases.TestBikeInsurance" name="testRegistrationErrorValidation" time="0.939"/>
  <testcase classname="testcases.TestBikeInsurance" name="testVehicleManualSelection" time="1.705"/>
  <testcase classname="testcases.TestBikeInsurance" name="testResultsPageAndPlanCount" time="2.812"/>
  <testcase classname="testcases.TestBikeInsurance" name="testTriggerPlanDetailsOverlay" time="0.077"/>
  <testcase classname="testcases.TestBusinessInsurance" name="testWorkmenCompensationOpensInNewTab" time="10.799"/>
  <testcase classname="testcases.TestBusinessInsurance" name="testSubmitWithoutDetails" time="2.35"/>
  <testcase classname="testcases.TestBusinessInsurance" name="testValidDetailsSubmission" time="3.783"/>
  <testcase classname="testcases.TestBusinessInsurance" name="testIndustrySelectionValidation" time="14.281"/>
  <testcase classname="testcases.TestBusinessInsurance" name="testWorkerDetailsAndProceed" time="12.07"/>
</testsuite> <!-- End to End Flow -->
