<?xml version="1.0" encoding="UTF-8"?>
<!-- Generated by org.testng.reporters.JUnitXMLReporter -->
<testsuite ignored="0" hostname="LTIN718281" failures="0" tests="5" name="End to End Flow" time="67.596" errors="0" timestamp="2026-05-05T21:02:28 IST">
  <testcase classname="testcases.TestHealthInsurance" name="testWithoutSelectingAnyMember" time="9.369"/>
  <testcase classname="testcases.TestHealthInsurance" name="testCoupleChildrenAgeGapLess18" time="9.328"/>
  <testcase classname="testcases.TestHealthInsurance" name="testWithoutPinCode" time="3.207"/>
  <testcase classname="testcases.TestHealthInsurance" name="testEditMemberDetailsButton" time="2.293"/>
  <testcase classname="testcases.TestHealthInsurance" name="testHealthInsurance" time="18.821"/>
</testsuite> <!-- End to End Flow -->
