<?xml version="1.0" encoding="UTF-8"?>
<!-- Generated by org.testng.reporters.JUnitXMLReporter -->
<testsuite ignored="0" hostname="LTIN719032" failures="0" tests="5" name="Default test" time="54.585" errors="0" timestamp="2026-05-07T12:04:57 IST">
  <testcase classname="testcases.TestHealthInsurance" name="testWithoutSelectingAnyMember" time="2.985"/>
  <testcase classname="testcases.TestHealthInsurance" name="testCoupleChildrenAgeGapLess18" time="6.993"/>
  <testcase classname="testcases.TestHealthInsurance" name="testWithoutPinCode" time="2.669"/>
  <testcase classname="testcases.TestHealthInsurance" name="testEditMemberDetailsButton" time="1.72"/>
  <testcase classname="testcases.TestHealthInsurance" name="testHealthInsurance" time="21.358"/>
</testsuite> <!-- Default test -->
