<?xml version="1.0" encoding="UTF-8"?>
<!-- Generated by org.testng.reporters.JUnitXMLReporter -->
<testsuite ignored="0" hostname="LTIN717796" failures="0" tests="5" name="Default test" time="21.539" errors="0" timestamp="2026-05-05T15:36:39 IST">
  <testcase classname="testcases.TestBikeInsurance" name="testNavigationToBikeSection" time="0.471"/>
  <testcase classname="testcases.TestBikeInsurance" name="testRegistrationErrorValidation" time="1.254"/>
  <testcase classname="testcases.TestBikeInsurance" name="testVehicleManualSelection" time="1.803"/>
  <testcase classname="testcases.TestBikeInsurance" name="testResultsPageAndPlanCount" time="2.918"/>
  <testcase classname="testcases.TestBikeInsurance" name="testTriggerPlanDetailsOverlay" time="0.061"/>
</testsuite> <!-- Default test -->
