<?xml version="1.0" encoding="UTF-8"?>
<testng-results ignored="0" total="20" passed="20" failed="0" skipped="0">
  <reporter-output>
  </reporter-output>
  <suite started-at="2026-05-07T15:07:54 IST" name="Insuranve Website automation" finished-at="2026-05-07T15:10:26 IST" duration-ms="151272">
    <groups>
    </groups>
    <test started-at="2026-05-07T15:07:54 IST" name="End to End Flow" finished-at="2026-05-07T15:10:26 IST" duration-ms="151272">
      <class name="testcases.TestCarInsurance">
        <test-method is-config="true" signature="setUp()[pri:0, instance:testcases.TestCarInsurance@a1f72f5]" started-at="2026-05-07T15:09:30 IST" name="setUp" finished-at="2026-05-07T15:09:38 IST" duration-ms="7527" status="PASS">
          <reporter-output>
          </reporter-output>
        </test-method> <!-- setUp -->
        <test-method is-config="true" signature="initPages()[pri:0, instance:testcases.TestCarInsurance@a1f72f5]" started-at="2026-05-07T15:09:38 IST" name="initPages" finished-at="2026-05-07T15:09:38 IST" duration-ms="98" status="PASS">
          <reporter-output>
          </reporter-output>
        </test-method> <!-- initPages -->
        <test-method signature="testNavigateToCarInsurance()[pri:1, instance:testcases.TestCarInsurance@a1f72f5]" started-at="2026-05-07T15:09:38 IST" name="testNavigateToCarInsurance" finished-at="2026-05-07T15:09:39 IST" duration-ms="1726" status="PASS">
          <reporter-output>
          </reporter-output>
        </test-method> <!-- testNavigateToCarInsurance -->
        <test-method signature="testEnterPincodeAndProceed()[pri:2, instance:testcases.TestCarInsurance@a1f72f5]" started-at="2026-05-07T15:09:40 IST" name="testEnterPincodeAndProceed" finished-at="2026-05-07T15:09:41 IST" depends-on-methods="testcases.TestCarInsurance.testNavigateToCarInsurance" duration-ms="1010" status="PASS">
          <reporter-output>
          </reporter-output>
        </test-method> <!-- testEnterPincodeAndProceed -->
        <test-method signature="testSelectCarDetails()[pri:3, instance:testcases.TestCarInsurance@a1f72f5]" started-at="2026-05-07T15:09:42 IST" name="testSelectCarDetails" finished-at="2026-05-07T15:09:45 IST" depends-on-methods="testcases.TestCarInsurance.testEnterPincodeAndProceed" duration-ms="3066" status="PASS">
          <reporter-output>
          </reporter-output>
        </test-method> <!-- testSelectCarDetails -->
        <test-method signature="testReviewAndProceed()[pri:4, instance:testcases.TestCarInsurance@a1f72f5]" started-at="2026-05-07T15:09:45 IST" name="testReviewAndProceed" finished-at="2026-05-07T15:09:47 IST" depends-on-methods="testcases.TestCarInsurance.testSelectCarDetails" duration-ms="1615" status="PASS">
          <reporter-output>
          </reporter-output>
        </test-method> <!-- testReviewAndProceed -->
        <test-method signature="testVerifyPlansAndDetails()[pri:5, instance:testcases.TestCarInsurance@a1f72f5]" started-at="2026-05-07T15:09:47 IST" name="testVerifyPlansAndDetails" finished-at="2026-05-07T15:09:52 IST" depends-on-methods="testcases.TestCarInsurance.testReviewAndProceed" duration-ms="4697" status="PASS">
          <reporter-output>
          </reporter-output>
        </test-method> <!-- testVerifyPlansAndDetails -->
        <test-method is-config="true" signature="tearDown()[pri:0, instance:testcases.TestCarInsurance@a1f72f5]" started-at="2026-05-07T15:09:52 IST" name="tearDown" finished-at="2026-05-07T15:09:59 IST" duration-ms="6815" status="PASS">
          <reporter-output>
          </reporter-output>
        </test-method> <!-- tearDown -->
      </class> <!-- testcases.TestCarInsurance -->
      <class name="testcases.TestComplaintFlow">
        <test-method is-config="true" signature="setUp()[pri:0, instance:testcases.TestComplaintFlow@19976a65]" started-at="2026-05-07T15:08:53 IST" name="setUp" finished-at="2026-05-07T15:09:03 IST" duration-ms="10322" status="PASS">
          <reporter-output>
          </reporter-output>
        </test-method> <!-- setUp -->
        <test-method signature="validateContactUsPage()[pri:1, instance:testcases.TestComplaintFlow@19976a65]" started-at="2026-05-07T15:09:03 IST" name="validateContactUsPage" finished-at="2026-05-07T15:09:06 IST" duration-ms="2521" status="PASS">
          <reporter-output>
          </reporter-output>
        </test-method> <!-- validateContactUsPage -->
        <test-method signature="invalidPhoneNumberTest()[pri:2, instance:testcases.TestComplaintFlow@19976a65]" started-at="2026-05-07T15:09:06 IST" name="invalidPhoneNumberTest" finished-at="2026-05-07T15:09:11 IST" duration-ms="4704" status="PASS">
          <reporter-output>
          </reporter-output>
        </test-method> <!-- invalidPhoneNumberTest -->
        <test-method signature="missingPolicyIdTest()[pri:3, instance:testcases.TestComplaintFlow@19976a65]" started-at="2026-05-07T15:09:11 IST" name="missingPolicyIdTest" finished-at="2026-05-07T15:09:15 IST" duration-ms="4532" status="PASS">
          <reporter-output>
          </reporter-output>
        </test-method> <!-- missingPolicyIdTest -->
        <test-method signature="successfulSubmissionTest()[pri:4, instance:testcases.TestComplaintFlow@19976a65]" started-at="2026-05-07T15:09:16 IST" name="successfulSubmissionTest" finished-at="2026-05-07T15:09:18 IST" duration-ms="2878" status="PASS">
          <reporter-output>
          </reporter-output>
        </test-method> <!-- successfulSubmissionTest -->
        <test-method signature="invalidEmailTest()[pri:5, instance:testcases.TestComplaintFlow@19976a65]" started-at="2026-05-07T15:09:19 IST" name="invalidEmailTest" finished-at="2026-05-07T15:09:21 IST" duration-ms="2823" status="PASS">
          <reporter-output>
          </reporter-output>
        </test-method> <!-- invalidEmailTest -->
        <test-method is-config="true" signature="tearDown()[pri:0, instance:testcases.TestComplaintFlow@19976a65]" started-at="2026-05-07T15:09:22 IST" name="tearDown" finished-at="2026-05-07T15:09:30 IST" duration-ms="8338" status="PASS">
          <reporter-output>
          </reporter-output>
        </test-method> <!-- tearDown -->
      </class> <!-- testcases.TestComplaintFlow -->
      <class name="testcases.TestHealthInsurance">
        <test-method is-config="true" signature="setUp()[pri:0, instance:testcases.TestHealthInsurance@928763c]" started-at="2026-05-07T15:07:56 IST" name="setUp" finished-at="2026-05-07T15:08:07 IST" duration-ms="11207" status="PASS">
          <reporter-output>
          </reporter-output>
        </test-method> <!-- setUp -->
        <test-method is-config="true" signature="initPages()[pri:0, instance:testcases.TestHealthInsurance@928763c]" started-at="2026-05-07T15:08:07 IST" name="initPages" finished-at="2026-05-07T15:08:07 IST" duration-ms="296" status="PASS">
          <reporter-output>
          </reporter-output>
        </test-method> <!-- initPages -->
        <test-method signature="testWithoutSelectingAnyMember(java.lang.String)[pri:0, instance:testcases.TestHealthInsurance@928763c]" started-at="2026-05-07T15:08:07 IST" name="testWithoutSelectingAnyMember" data-provider="noMemberSelectedData" finished-at="2026-05-07T15:08:10 IST" duration-ms="3199" status="PASS">
          <params>
            <param index="0">
              <value>
                <![CDATA[* Select one or more members to continue]]>
              </value>
            </param>
          </params>
          <reporter-output>
          </reporter-output>
        </test-method> <!-- testWithoutSelectingAnyMember -->
        <test-method signature="testCoupleChildrenAgeGapLess18(java.lang.String,java.lang.String,java.lang.String,java.lang.String,java.lang.String,java.lang.String,java.lang.String)[pri:1, instance:testcases.TestHealthInsurance@928763c]" started-at="2026-05-07T15:08:11 IST" name="testCoupleChildrenAgeGapLess18" data-provider="ageGapInvalidData" finished-at="2026-05-07T15:08:19 IST" depends-on-methods="testcases.TestHealthInsurance.testWithoutSelectingAnyMember" duration-ms="7168" status="PASS">
          <params>
            <param index="0">
              <value>
                <![CDATA[18]]>
              </value>
            </param>
            <param index="1">
              <value>
                <![CDATA[18]]>
              </value>
            </param>
            <param index="2">
              <value>
                <![CDATA[0]]>
              </value>
            </param>
            <param index="3">
              <value>
                <![CDATA[11m,11m,4y]]>
              </value>
            </param>
            <param index="4">
              <value>
                <![CDATA[35]]>
              </value>
            </param>
            <param index="5">
              <value>
                <![CDATA[35]]>
              </value>
            </param>
            <param index="6">
              <value>
                <![CDATA[Your kid has to be atleast 18 years younger than you and spouse]]>
              </value>
            </param>
          </params>
          <reporter-output>
          </reporter-output>
        </test-method> <!-- testCoupleChildrenAgeGapLess18 -->
        <test-method signature="testWithoutPinCode(java.lang.String,java.lang.String,java.lang.String,java.lang.String,java.lang.String,java.lang.String,java.lang.String,java.lang.String,java.lang.String,java.lang.String)[pri:2, instance:testcases.TestHealthInsurance@928763c]" started-at="2026-05-07T15:08:19 IST" name="testWithoutPinCode" data-provider="invalidPincodeData" finished-at="2026-05-07T15:08:21 IST" depends-on-methods="testcases.TestHealthInsurance.testCoupleChildrenAgeGapLess18" duration-ms="2521" status="PASS">
          <params>
            <param index="0">
              <value>
                <![CDATA[25]]>
              </value>
            </param>
            <param index="1">
              <value>
                <![CDATA[25]]>
              </value>
            </param>
            <param index="2">
              <value>
                <![CDATA[0]]>
              </value>
            </param>
            <param index="3">
              <value>
                <![CDATA[4m,4y,4m]]>
              </value>
            </param>
            <param index="4">
              <value>
                <![CDATA[70]]>
              </value>
            </param>
            <param index="5">
              <value>
                <![CDATA[70]]>
              </value>
            </param>
            <param index="6">
              <value>
                <![CDATA[251201]]>
              </value>
            </param>
            <param index="7">
              <value>
                <![CDATA[]]>
              </value>
            </param>
            <param index="8">
              <value>
                <![CDATA[7017583580]]>
              </value>
            </param>
            <param index="9">
              <value>
                <![CDATA[Please enter a valid pincode]]>
              </value>
            </param>
          </params>
          <reporter-output>
          </reporter-output>
        </test-method> <!-- testWithoutPinCode -->
        <test-method signature="testEditMemberDetailsButton(java.lang.String,java.lang.String,java.lang.String,java.lang.String,java.lang.String,java.lang.String,java.lang.String,java.lang.String,java.lang.String,java.lang.String)[pri:3, instance:testcases.TestHealthInsurance@928763c]" started-at="2026-05-07T15:08:22 IST" name="testEditMemberDetailsButton" data-provider="editMemberData" finished-at="2026-05-07T15:08:23 IST" depends-on-methods="testcases.TestHealthInsurance.testWithoutPinCode" duration-ms="1776" status="PASS">
          <params>
            <param index="0">
              <value>
                <![CDATA[25]]>
              </value>
            </param>
            <param index="1">
              <value>
                <![CDATA[25]]>
              </value>
            </param>
            <param index="2">
              <value>
                <![CDATA[0]]>
              </value>
            </param>
            <param index="3">
              <value>
                <![CDATA[4m,4y,4m]]>
              </value>
            </param>
            <param index="4">
              <value>
                <![CDATA[70]]>
              </value>
            </param>
            <param index="5">
              <value>
                <![CDATA[70]]>
              </value>
            </param>
            <param index="6">
              <value>
                <![CDATA[251201]]>
              </value>
            </param>
            <param index="7">
              <value>
                <![CDATA[251201]]>
              </value>
            </param>
            <param index="8">
              <value>
                <![CDATA[7017583580]]>
              </value>
            </param>
            <param index="9">
              <value>
                <![CDATA[https://www.coverfox.com/health-plan/]]>
              </value>
            </param>
          </params>
          <reporter-output>
          </reporter-output>
        </test-method> <!-- testEditMemberDetailsButton -->
        <test-method signature="testHealthInsurance(java.lang.String,java.lang.String,java.lang.String,java.lang.String,java.lang.String,java.lang.String,java.lang.String,java.lang.String,java.lang.String)[pri:4, instance:testcases.TestHealthInsurance@928763c]" started-at="2026-05-07T15:08:24 IST" name="testHealthInsurance" data-provider="validInsuranceData" finished-at="2026-05-07T15:08:44 IST" depends-on-methods="testcases.TestHealthInsurance.testEditMemberDetailsButton" duration-ms="19832" status="PASS">
          <params>
            <param index="0">
              <value>
                <![CDATA[25]]>
              </value>
            </param>
            <param index="1">
              <value>
                <![CDATA[25]]>
              </value>
            </param>
            <param index="2">
              <value>
                <![CDATA[0]]>
              </value>
            </param>
            <param index="3">
              <value>
                <![CDATA[4m,4y,4m]]>
              </value>
            </param>
            <param index="4">
              <value>
                <![CDATA[70]]>
              </value>
            </param>
            <param index="5">
              <value>
                <![CDATA[70]]>
              </value>
            </param>
            <param index="6">
              <value>
                <![CDATA[251201]]>
              </value>
            </param>
            <param index="7">
              <value>
                <![CDATA[251201]]>
              </value>
            </param>
            <param index="8">
              <value>
                <![CDATA[7017583580]]>
              </value>
            </param>
          </params>
          <reporter-output>
          </reporter-output>
        </test-method> <!-- testHealthInsurance -->
        <test-method is-config="true" signature="tearDown()[pri:0, instance:testcases.TestHealthInsurance@928763c]" started-at="2026-05-07T15:08:44 IST" name="tearDown" finished-at="2026-05-07T15:08:53 IST" duration-ms="8784" status="PASS">
          <reporter-output>
          </reporter-output>
        </test-method> <!-- tearDown -->
      </class> <!-- testcases.TestHealthInsurance -->
      <class name="testcases.TestBikeInsurance">
        <test-method is-config="true" signature="setUp()[pri:0, instance:testcases.TestBikeInsurance@4b2c5e02]" started-at="2026-05-07T15:09:59 IST" name="setUp" finished-at="2026-05-07T15:10:07 IST" duration-ms="7690" status="PASS">
          <reporter-output>
          </reporter-output>
        </test-method> <!-- setUp -->
        <test-method is-config="true" signature="initPages()[pri:0, instance:testcases.TestBikeInsurance@4b2c5e02]" started-at="2026-05-07T15:10:07 IST" name="initPages" finished-at="2026-05-07T15:10:07 IST" duration-ms="181" status="PASS">
          <reporter-output>
          </reporter-output>
        </test-method> <!-- initPages -->
        <test-method signature="testNavigationToBikeSection()[pri:0, instance:testcases.TestBikeInsurance@4b2c5e02]" started-at="2026-05-07T15:10:07 IST" name="testNavigationToBikeSection" finished-at="2026-05-07T15:10:10 IST" duration-ms="2843" status="PASS">
          <reporter-output>
          </reporter-output>
        </test-method> <!-- testNavigationToBikeSection -->
        <test-method is-config="true" signature="initPages()[pri:0, instance:testcases.TestBikeInsurance@4b2c5e02]" started-at="2026-05-07T15:10:10 IST" name="initPages" finished-at="2026-05-07T15:10:10 IST" duration-ms="2" status="PASS">
          <reporter-output>
          </reporter-output>
        </test-method> <!-- initPages -->
        <test-method signature="testRegistrationErrorValidation()[pri:1, instance:testcases.TestBikeInsurance@4b2c5e02]" started-at="2026-05-07T15:10:10 IST" name="testRegistrationErrorValidation" finished-at="2026-05-07T15:10:12 IST" depends-on-methods="testcases.TestBikeInsurance.testNavigationToBikeSection" duration-ms="1481" status="PASS">
          <reporter-output>
          </reporter-output>
        </test-method> <!-- testRegistrationErrorValidation -->
        <test-method is-config="true" signature="initPages()[pri:0, instance:testcases.TestBikeInsurance@4b2c5e02]" started-at="2026-05-07T15:10:12 IST" name="initPages" finished-at="2026-05-07T15:10:12 IST" duration-ms="2" status="PASS">
          <reporter-output>
          </reporter-output>
        </test-method> <!-- initPages -->
        <test-method signature="testVehicleManualSelection()[pri:2, instance:testcases.TestBikeInsurance@4b2c5e02]" started-at="2026-05-07T15:10:12 IST" name="testVehicleManualSelection" finished-at="2026-05-07T15:10:14 IST" depends-on-methods="testcases.TestBikeInsurance.testRegistrationErrorValidation" duration-ms="1978" status="PASS">
          <reporter-output>
          </reporter-output>
        </test-method> <!-- testVehicleManualSelection -->
        <test-method is-config="true" signature="initPages()[pri:0, instance:testcases.TestBikeInsurance@4b2c5e02]" started-at="2026-05-07T15:10:14 IST" name="initPages" finished-at="2026-05-07T15:10:14 IST" duration-ms="1" status="PASS">
          <reporter-output>
          </reporter-output>
        </test-method> <!-- initPages -->
        <test-method signature="testResultsPageAndPlanCount()[pri:3, instance:testcases.TestBikeInsurance@4b2c5e02]" started-at="2026-05-07T15:10:14 IST" name="testResultsPageAndPlanCount" finished-at="2026-05-07T15:10:19 IST" depends-on-methods="testcases.TestBikeInsurance.testVehicleManualSelection" duration-ms="4117" status="PASS">
          <reporter-output>
          </reporter-output>
        </test-method> <!-- testResultsPageAndPlanCount -->
        <test-method is-config="true" signature="initPages()[pri:0, instance:testcases.TestBikeInsurance@4b2c5e02]" started-at="2026-05-07T15:10:19 IST" name="initPages" finished-at="2026-05-07T15:10:19 IST" duration-ms="3" status="PASS">
          <reporter-output>
          </reporter-output>
        </test-method> <!-- initPages -->
        <test-method signature="testTriggerPlanDetailsOverlay()[pri:4, instance:testcases.TestBikeInsurance@4b2c5e02]" started-at="2026-05-07T15:10:19 IST" name="testTriggerPlanDetailsOverlay" finished-at="2026-05-07T15:10:19 IST" depends-on-methods="testcases.TestBikeInsurance.testResultsPageAndPlanCount" duration-ms="103" status="PASS">
          <reporter-output>
          </reporter-output>
        </test-method> <!-- testTriggerPlanDetailsOverlay -->
        <test-method is-config="true" signature="tearDown()[pri:0, instance:testcases.TestBikeInsurance@4b2c5e02]" started-at="2026-05-07T15:10:19 IST" name="tearDown" finished-at="2026-05-07T15:10:26 IST" duration-ms="6163" status="PASS">
          <reporter-output>
          </reporter-output>
        </test-method> <!-- tearDown -->
      </class> <!-- testcases.TestBikeInsurance -->
    </test> <!-- End to End Flow -->
  </suite> <!-- Insuranve Website automation -->
</testng-results>
