<?xml version="1.0" encoding="UTF-8"?>
<testng-results ignored="0" total="5" passed="5" failed="0" skipped="0">
  <reporter-output>
  </reporter-output>
  <suite started-at="2026-05-01T18:49:07 IST" name="Default suite" finished-at="2026-05-01T18:50:01 IST" duration-ms="54859">
    <groups>
    </groups>
    <test started-at="2026-05-01T18:49:07 IST" name="Default test" finished-at="2026-05-01T18:50:01 IST" duration-ms="54859">
      <class name="testcases.TestHealthInsurance">
        <test-method is-config="true" signature="setUp()[pri:0, instance:testcases.TestHealthInsurance@7770f470]" started-at="2026-05-01T18:49:07 IST" name="setUp" finished-at="2026-05-01T18:49:17 IST" duration-ms="10717" status="PASS">
          <reporter-output>
          </reporter-output>
        </test-method> <!-- setUp -->
        <test-method is-config="true" signature="initPages()[pri:0, instance:testcases.TestHealthInsurance@7770f470]" started-at="2026-05-01T18:49:17 IST" name="initPages" finished-at="2026-05-01T18:49:17 IST" duration-ms="37" status="PASS">
          <reporter-output>
          </reporter-output>
        </test-method> <!-- initPages -->
        <test-method signature="testWithoutSelectingAnyMember(java.lang.String)[pri:0, instance:testcases.TestHealthInsurance@7770f470]" started-at="2026-05-01T18:49:17 IST" name="testWithoutSelectingAnyMember" data-provider="noMemberSelectedData" finished-at="2026-05-01T18:49:20 IST" duration-ms="2359" status="PASS">
          <params>
            <param index="0">
              <value>
                <![CDATA[* Select one or more members to continue]]>
              </value>
            </param>
          </params>
          <reporter-output>
          </reporter-output>
        </test-method> <!-- testWithoutSelectingAnyMember -->
        <test-method signature="testCoupleChildrenAgeGapLess18(java.lang.String,java.lang.String,java.lang.String,java.lang.String,java.lang.String,java.lang.String,java.lang.String)[pri:1, instance:testcases.TestHealthInsurance@7770f470]" started-at="2026-05-01T18:49:20 IST" name="testCoupleChildrenAgeGapLess18" data-provider="ageGapInvalidData" finished-at="2026-05-01T18:49:27 IST" depends-on-methods="testcases.TestHealthInsurance.testWithoutSelectingAnyMember" duration-ms="7154" status="PASS">
          <params>
            <param index="0">
              <value>
                <![CDATA[18]]>
              </value>
            </param>
            <param index="1">
              <value>
                <![CDATA[18]]>
              </value>
            </param>
            <param index="2">
              <value>
                <![CDATA[0]]>
              </value>
            </param>
            <param index="3">
              <value>
                <![CDATA[11m,11m,4y]]>
              </value>
            </param>
            <param index="4">
              <value>
                <![CDATA[35]]>
              </value>
            </param>
            <param index="5">
              <value>
                <![CDATA[35]]>
              </value>
            </param>
            <param index="6">
              <value>
                <![CDATA[Your kid has to be atleast 18 years younger than you and spouse]]>
              </value>
            </param>
          </params>
          <reporter-output>
          </reporter-output>
        </test-method> <!-- testCoupleChildrenAgeGapLess18 -->
        <test-method is-config="true" signature="initPages()[pri:0, instance:testcases.TestHealthInsurance@7770f470]" started-at="2026-05-01T18:49:20 IST" name="initPages" finished-at="2026-05-01T18:49:20 IST" duration-ms="0" status="PASS">
          <reporter-output>
          </reporter-output>
        </test-method> <!-- initPages -->
        <test-method signature="testWithoutPinCode(java.lang.String,java.lang.String,java.lang.String,java.lang.String,java.lang.String,java.lang.String,java.lang.String,java.lang.String,java.lang.String,java.lang.String)[pri:2, instance:testcases.TestHealthInsurance@7770f470]" started-at="2026-05-01T18:49:27 IST" name="testWithoutPinCode" data-provider="invalidPincodeData" finished-at="2026-05-01T18:49:31 IST" depends-on-methods="testcases.TestHealthInsurance.testCoupleChildrenAgeGapLess18" duration-ms="3725" status="PASS">
          <params>
            <param index="0">
              <value>
                <![CDATA[25]]>
              </value>
            </param>
            <param index="1">
              <value>
                <![CDATA[25]]>
              </value>
            </param>
            <param index="2">
              <value>
                <![CDATA[0]]>
              </value>
            </param>
            <param index="3">
              <value>
                <![CDATA[4m,4y,4m]]>
              </value>
            </param>
            <param index="4">
              <value>
                <![CDATA[70]]>
              </value>
            </param>
            <param index="5">
              <value>
                <![CDATA[70]]>
              </value>
            </param>
            <param index="6">
              <value>
                <![CDATA[251201]]>
              </value>
            </param>
            <param index="7">
              <value>
                <![CDATA[]]>
              </value>
            </param>
            <param index="8">
              <value>
                <![CDATA[7017583580]]>
              </value>
            </param>
            <param index="9">
              <value>
                <![CDATA[Please enter a valid pincode]]>
              </value>
            </param>
          </params>
          <reporter-output>
          </reporter-output>
        </test-method> <!-- testWithoutPinCode -->
        <test-method is-config="true" signature="initPages()[pri:0, instance:testcases.TestHealthInsurance@7770f470]" started-at="2026-05-01T18:49:27 IST" name="initPages" finished-at="2026-05-01T18:49:27 IST" duration-ms="0" status="PASS">
          <reporter-output>
          </reporter-output>
        </test-method> <!-- initPages -->
        <test-method is-config="true" signature="initPages()[pri:0, instance:testcases.TestHealthInsurance@7770f470]" started-at="2026-05-01T18:49:31 IST" name="initPages" finished-at="2026-05-01T18:49:31 IST" duration-ms="2" status="PASS">
          <reporter-output>
          </reporter-output>
        </test-method> <!-- initPages -->
        <test-method signature="testEditMemberDetailsButton(java.lang.String,java.lang.String,java.lang.String,java.lang.String,java.lang.String,java.lang.String,java.lang.String,java.lang.String,java.lang.String,java.lang.String)[pri:3, instance:testcases.TestHealthInsurance@7770f470]" started-at="2026-05-01T18:49:31 IST" name="testEditMemberDetailsButton" data-provider="editMemberData" finished-at="2026-05-01T18:49:33 IST" depends-on-methods="testcases.TestHealthInsurance.testWithoutPinCode" duration-ms="2120" status="PASS">
          <params>
            <param index="0">
              <value>
                <![CDATA[25]]>
              </value>
            </param>
            <param index="1">
              <value>
                <![CDATA[25]]>
              </value>
            </param>
            <param index="2">
              <value>
                <![CDATA[0]]>
              </value>
            </param>
            <param index="3">
              <value>
                <![CDATA[4m,4y,4m]]>
              </value>
            </param>
            <param index="4">
              <value>
                <![CDATA[70]]>
              </value>
            </param>
            <param index="5">
              <value>
                <![CDATA[70]]>
              </value>
            </param>
            <param index="6">
              <value>
                <![CDATA[251201]]>
              </value>
            </param>
            <param index="7">
              <value>
                <![CDATA[251201]]>
              </value>
            </param>
            <param index="8">
              <value>
                <![CDATA[7017583580]]>
              </value>
            </param>
            <param index="9">
              <value>
                <![CDATA[https://www.coverfox.com/health-plan/]]>
              </value>
            </param>
          </params>
          <reporter-output>
          </reporter-output>
        </test-method> <!-- testEditMemberDetailsButton -->
        <test-method is-config="true" signature="initPages()[pri:0, instance:testcases.TestHealthInsurance@7770f470]" started-at="2026-05-01T18:49:34 IST" name="initPages" finished-at="2026-05-01T18:49:34 IST" duration-ms="3" status="PASS">
          <reporter-output>
          </reporter-output>
        </test-method> <!-- initPages -->
        <test-method signature="testHealthInsurance(java.lang.String,java.lang.String,java.lang.String,java.lang.String,java.lang.String,java.lang.String,java.lang.String,java.lang.String,java.lang.String)[pri:4, instance:testcases.TestHealthInsurance@7770f470]" started-at="2026-05-01T18:49:34 IST" name="testHealthInsurance" data-provider="validInsuranceData" finished-at="2026-05-01T18:49:54 IST" depends-on-methods="testcases.TestHealthInsurance.testEditMemberDetailsButton" duration-ms="20338" status="PASS">
          <params>
            <param index="0">
              <value>
                <![CDATA[25]]>
              </value>
            </param>
            <param index="1">
              <value>
                <![CDATA[25]]>
              </value>
            </param>
            <param index="2">
              <value>
                <![CDATA[0]]>
              </value>
            </param>
            <param index="3">
              <value>
                <![CDATA[4m,4y,4m]]>
              </value>
            </param>
            <param index="4">
              <value>
                <![CDATA[70]]>
              </value>
            </param>
            <param index="5">
              <value>
                <![CDATA[70]]>
              </value>
            </param>
            <param index="6">
              <value>
                <![CDATA[251201]]>
              </value>
            </param>
            <param index="7">
              <value>
                <![CDATA[251201]]>
              </value>
            </param>
            <param index="8">
              <value>
                <![CDATA[7017583580]]>
              </value>
            </param>
          </params>
          <reporter-output>
          </reporter-output>
        </test-method> <!-- testHealthInsurance -->
        <test-method is-config="true" signature="tearDown()[pri:0, instance:testcases.TestHealthInsurance@7770f470]" started-at="2026-05-01T18:49:54 IST" name="tearDown" finished-at="2026-05-01T18:50:01 IST" duration-ms="7301" status="PASS">
          <reporter-output>
          </reporter-output>
        </test-method> <!-- tearDown -->
      </class> <!-- testcases.TestHealthInsurance -->
    </test> <!-- Default test -->
  </suite> <!-- Default suite -->
</testng-results>
