<?xml version="1.0" encoding="UTF-8"?>
<!-- Generated by org.testng.reporters.JUnitReportReporter -->
<testsuite hostname="LTIN719032" failures="0" tests="5" name="testcases.TestBikeInsurance" time="12.525" errors="0" timestamp="2026-05-07T12:07:32 IST" skipped="0">
  <testcase classname="testcases.TestBikeInsurance" name="testNavigationToBikeSection" time="1.679"/>
  <testcase classname="testcases.TestBikeInsurance" name="testRegistrationErrorValidation" time="2.166"/>
  <testcase classname="testcases.TestBikeInsurance" name="testVehicleManualSelection" time="2.512"/>
  <testcase classname="testcases.TestBikeInsurance" name="testResultsPageAndPlanCount" time="5.984"/>
  <testcase classname="testcases.TestBikeInsurance" name="testTriggerPlanDetailsOverlay" time="0.184"/>
</testsuite> <!-- testcases.TestBikeInsurance -->
