<?xml version="1.0" encoding="UTF-8"?>
<!-- Generated by org.testng.reporters.JUnitReportReporter -->
<testsuite hostname="LTIN717796" failures="0" tests="5" name="testcases.TestBikeInsurance" time="6.520" errors="0" timestamp="2026-05-05T15:36:39 IST" skipped="0">
  <testcase classname="testcases.TestBikeInsurance" name="testNavigationToBikeSection" time="0.474"/>
  <testcase classname="testcases.TestBikeInsurance" name="testRegistrationErrorValidation" time="1.254"/>
  <testcase classname="testcases.TestBikeInsurance" name="testVehicleManualSelection" time="1.804"/>
  <testcase classname="testcases.TestBikeInsurance" name="testResultsPageAndPlanCount" time="2.927"/>
  <testcase classname="testcases.TestBikeInsurance" name="testTriggerPlanDetailsOverlay" time="0.061"/>
</testsuite> <!-- testcases.TestBikeInsurance -->
