<?xml version="1.0" encoding="UTF-8"?>
<!-- Generated by org.testng.reporters.JUnitReportReporter -->
<testsuite hostname="LTIN718281" failures="0" tests="5" name="testcases.TestBusinessInsurance" time="49.608" errors="0" timestamp="2026-05-08T11:31:03 IST" skipped="0">
  <testcase classname="testcases.TestBusinessInsurance" name="testWorkmenCompensationOpensInNewTab" time="13.242"/>
  <testcase classname="testcases.TestBusinessInsurance" name="testSubmitWithoutDetails" time="2.689"/>
  <testcase classname="testcases.TestBusinessInsurance" name="testValidDetailsSubmission" time="4.530"/>
  <testcase classname="testcases.TestBusinessInsurance" name="testIndustrySelectionValidation" time="14.850"/>
  <testcase classname="testcases.TestBusinessInsurance" name="testWorkerDetailsAndProceed" time="14.297"/>
</testsuite> <!-- testcases.TestBusinessInsurance -->
