<?xml version="1.0" encoding="UTF-8"?>
<!-- Generated by org.testng.reporters.JUnitReportReporter -->
<testsuite hostname="LTIN718281" failures="0" tests="5" name="testcases.TestCarInsurance" time="14.270" errors="0" timestamp="2026-05-07T16:24:52 IST" skipped="0">
  <testcase classname="testcases.TestCarInsurance" name="testNavigateToCarInsurance" time="1.980"/>
  <testcase classname="testcases.TestCarInsurance" name="testEnterPincodeAndProceed" time="1.377"/>
  <testcase classname="testcases.TestCarInsurance" name="testSelectCarDetails" time="3.183"/>
  <testcase classname="testcases.TestCarInsurance" name="testReviewAndProceed" time="2.051"/>
  <testcase classname="testcases.TestCarInsurance" name="testVerifyPlansAndDetails" time="5.679"/>
</testsuite> <!-- testcases.TestCarInsurance -->
