<?xml version="1.0" encoding="UTF-8"?>
<!-- Generated by org.testng.reporters.JUnitReportReporter -->
<testsuite hostname="LTIN719032" failures="0" tests="5" name="testcases.TestComplaintFlow" time="19.025" errors="0" timestamp="2026-05-07T12:07:32 IST" skipped="0">
  <testcase classname="testcases.TestComplaintFlow" name="validateContactUsPage" time="3.266"/>
  <testcase classname="testcases.TestComplaintFlow" name="invalidPhoneNumberTest" time="5.383"/>
  <testcase classname="testcases.TestComplaintFlow" name="missingPolicyIdTest" time="4.452"/>
  <testcase classname="testcases.TestComplaintFlow" name="successfulSubmissionTest" time="2.676"/>
  <testcase classname="testcases.TestComplaintFlow" name="invalidEmailTest" time="3.248"/>
</testsuite> <!-- testcases.TestComplaintFlow -->
