<?xml version="1.0" encoding="UTF-8"?>
<!-- Generated by org.testng.reporters.JUnitReportReporter -->
<testsuite hostname="LTIN718281" failures="0" tests="5" name="testcases.TestHealthInsurance" time="32.970" errors="0" timestamp="2026-05-05T17:34:40 IST" skipped="0">
  <testcase classname="testcases.TestHealthInsurance" name="testWithoutSelectingAnyMember" time="2.651"/>
  <testcase classname="testcases.TestHealthInsurance" name="testCoupleChildrenAgeGapLess18" time="7.002"/>
  <testcase classname="testcases.TestHealthInsurance" name="testWithoutPinCode" time="2.774"/>
  <testcase classname="testcases.TestHealthInsurance" name="testEditMemberDetailsButton" time="1.768"/>
  <testcase classname="testcases.TestHealthInsurance" name="testHealthInsurance" time="18.775"/>
</testsuite> <!-- testcases.TestHealthInsurance -->
