<?xml version="1.0" encoding="UTF-8"?>
<!-- Generated by org.testng.reporters.JUnitReportReporter -->
<testsuite hostname="LTIN718637" failures="0" tests="5" name="testcases.TestCarInsurance" time="9.375" errors="0" timestamp="2026-05-07T15:02:45 IST" skipped="0">
  <testcase classname="testcases.TestCarInsurance" name="testNavigateToCarInsurance" time="1.323"/>
  <testcase classname="testcases.TestCarInsurance" name="testEnterPincodeAndProceed" time="0.783"/>
  <testcase classname="testcases.TestCarInsurance" name="testSelectCarDetails" time="1.923"/>
  <testcase classname="testcases.TestCarInsurance" name="testReviewAndProceed" time="1.286"/>
  <testcase classname="testcases.TestCarInsurance" name="testVerifyPlansAndDetails" time="4.060"/>
</testsuite> <!-- testcases.TestCarInsurance -->
